{
  "stats": {
    "suites": 1,
    "tests": 2,
    "passes": 1,
    "pending": 0,
    "failures": 1,
    "start": "2023-10-06T07:01:56.743Z",
    "end": "2023-10-06T07:02:07.807Z",
    "duration": 11064,
    "testsRegistered": 2,
    "passPercent": 50,
    "pendingPercent": 0,
    "other": 0,
    "hasOther": false,
    "skipped": 0,
    "hasSkipped": false
  },
  "results": [
    {
      "uuid": "617309e6-a2cc-4665-95fd-a46447733143",
      "title": "",
      "fullFile": "/Users/pedropradita/Selenium javascript/test/cases.js",
      "file": "/test/cases.js",
      "beforeHooks": [],
      "afterHooks": [],
      "tests": [],
      "suites": [
        {
          "uuid": "d90163aa-d8c2-48a0-93da-10b15f1dc9a2",
          "title": "QA Engineer Test",
          "fullFile": "/Users/pedropradita/Selenium javascript/test/cases.js",
          "file": "/test/cases.js",
          "beforeHooks": [
            {
              "title": "\"before each\" hook in \"QA Engineer Test\"",
              "fullTitle": "QA Engineer Test \"before each\" hook in \"QA Engineer Test\"",
              "timedOut": false,
              "duration": 4,
              "state": null,
              "speed": null,
              "pass": false,
              "fail": false,
              "pending": false,
              "context": null,
              "code": "await driver.manage().window().maximize();",
              "err": {},
              "uuid": "e03aaad4-9499-4601-80bc-b8b748ecaf69",
              "parentUUID": "d90163aa-d8c2-48a0-93da-10b15f1dc9a2",
              "isHook": true,
              "skipped": false
            }
          ],
          "afterHooks": [
            {
              "title": "\"after all\" hook in \"QA Engineer Test\"",
              "fullTitle": "QA Engineer Test \"after all\" hook in \"QA Engineer Test\"",
              "timedOut": false,
              "duration": 525,
              "state": null,
              "speed": null,
              "pass": false,
              "fail": false,
              "pending": false,
              "context": null,
              "code": "await driver.quit();",
              "err": {},
              "uuid": "2e6209f1-aeeb-4a4d-a06d-fe30b163ff90",
              "parentUUID": "d90163aa-d8c2-48a0-93da-10b15f1dc9a2",
              "isHook": true,
              "skipped": false
            },
            {
              "title": "\"after each\" hook in \"QA Engineer Test\"",
              "fullTitle": "QA Engineer Test \"after each\" hook in \"QA Engineer Test\"",
              "timedOut": false,
              "duration": 1,
              "state": null,
              "speed": null,
              "pass": false,
              "fail": false,
              "pending": false,
              "context": null,
              "code": "const formattedDateTime = await registrationpage.getCurrentDateTimeFormatted();\n// await testListener.captureScreenshot(this.currentTest, formattedDateTime);\nif (this.currentTest.state === 'passed') {\n  const screenshotPath = path.join('screenshots', `${this.currentTest.fullTitle()}.png`);\n  const screenshot = await driver.takeScreenshot();\n  fs.writeFileSync(screenshotPath, screenshot, 'base64');\n  this.currentTest.screenshotPath = screenshotPath;\n}",
              "err": {},
              "uuid": "5847316f-d5d5-4b68-b8d9-5881074b03c9",
              "parentUUID": "d90163aa-d8c2-48a0-93da-10b15f1dc9a2",
              "isHook": true,
              "skipped": false
            }
          ],
          "tests": [
            {
              "title": "Test Cases 1 @test @test1",
              "fullTitle": "QA Engineer Test Test Cases 1 @test @test1",
              "timedOut": false,
              "duration": 3129,
              "state": "passed",
              "speed": "slow",
              "pass": true,
              "fail": false,
              "pending": false,
              "context": null,
              "code": "const formattedDateTime = await registrationpage.getCurrentDateTimeFormatted();\nawait registrationpage.goToUrl(baseurl+testCase1);\nawait registrationpage.inputFirstName(firstNameText);\n// await registrationpage.inputLastName(lastNameText);\n// await registrationpage.inputEmail(firstEmailText+formattedDateTime+lastEmailText);\n// await registrationpage.inputPassword(passwordText);\n// await registrationpage.inputConfirmPassword(passwordText);\n// await registrationpage.clickSignUpbutton();\n// await registrationpage.inputCompanyName(companyName);\n// await registrationpage.selectIndustry(industryName);\n// await registrationpage.inputPhoneNumber(phoneNumber);\n// await registrationpage.clickGetStartedbutton();\n// await dashboardpage.clickGetStartedbutton();\n// const transactionMenuIsDisplayed = await dashboardpage.transactionMenuIsDisplayed();\n// expect(transactionMenuIsDisplayed).to.be.true;\n// const checkoutMenuIsDisplayed = await dashboardpage.checkoutMenuIsDisplayed();\n// expect(checkoutMenuIsDisplayed).to.be.true;\n// const connectMenuIsDisplayed = await dashboardpage.connectMenuIsDisplayed();\n// expect(connectMenuIsDisplayed).to.be.true;\n// const productMenuIsDisplayed = await dashboardpage.productMenuIsDisplayed();\n// expect(productMenuIsDisplayed).to.be.true;\n// const shopMenuIsDisplayed = await dashboardpage.shopMenuIsDisplayed();\n// expect(shopMenuIsDisplayed).to.be.true;\n\n// const settingsMenuIsDisplayed = await dashboardpage.settingsMenuIsDisplayed();\n// expect(settingsMenuIsDisplayed).to.be.true;",
              "err": {},
              "uuid": "77551b45-10df-4d51-9f1b-3fb6f78c7005",
              "parentUUID": "d90163aa-d8c2-48a0-93da-10b15f1dc9a2",
              "isHook": false,
              "skipped": false
            },
            {
              "title": "Test Cases 2 @test @test2",
              "fullTitle": "QA Engineer Test Test Cases 2 @test @test2",
              "timedOut": true,
              "duration": 5004,
              "state": "failed",
              "speed": null,
              "pass": false,
              "fail": true,
              "pending": false,
              "context": null,
              "code": "const formattedDateTime = await registrationpage.getCurrentDateTimeFormatted();\n    await registrationpage.goToUrl(baseurl+testCase2);\n    // await registrationpage.inputFirstName(firstNameText);\n    // await registrationpage.inputLastName(lastNameText);\n    // await registrationpage.inputEmail(firstEmailText+formattedDateTime+lastEmailText);\n    // await registrationpage.inputPassword(passwordText);\n    // await registrationpage.inputConfirmPassword(passwordText);\n    // await registrationpage.clickSignUpbutton();\n    // await registrationpage.inputCompanyNameSantander(companyName);\n    // await registrationpage.selectIndustrySantander(industryName);\n    // await registrationpage.inputPhoneNumberSantander(phoneNumber);\n    // await registrationpage.inputPVatNumber(vatNumber);\n    // await registrationpage.clickGetStartedbutton();\n    await dashboardpage.clickGetStartedbutton();\n    // const transactionMenuIsDisplayed = await dashboardpage.transactionMenuIsDisplayed();\n    // expect(transactionMenuIsDisplayed).to.be.true;\n    // const checkoutMenuIsDisplayed = await dashboardpage.checkoutMenuIsDisplayed();\n    // expect(checkoutMenuIsDisplayed).to.be.true;\n    // const connectMenuIsDisplayed = await dashboardpage.connectMenuIsDisplayed();\n    // expect(connectMenuIsDisplayed).to.be.true;\n    // const pointOfSaleMenuIsDisplayed = await dashboardpage.pointOfSaleMenuIsDisplayed();\n    // expect(pointOfSaleMenuIsDisplayed).to.be.true;\n    \n    // const settingsMenuIsDisplayed = await dashboardpage.settingsMenuIsDisplayed();\n    // expect(settingsMenuIsDisplayed).to.be.true;\n    // // Create a screenshot helper instance\n    // const screenshotlistener = new ScreenshotListener(this.driver);\n    // // Capture and save a screenshot\n    // const screenshotFileName = `screenshot_${this.test.fullTitle().replace(/\\s+/g, '_')}_${formattedDateTime}.png`;\n    // const screenshotFilePath = path.join(screenshotFolder, screenshotFileName);\n    // await screenshotlistener.captureScreenshot(screenshotFilePath);\n    // // use listener\n    // await testListener.captureScreenshot(this.test, formattedDateTime);\n    // const screenshotPath = await testListener.captureScreenshot(this.test, formattedDateTime);\n    // this.test.screenshotPath = screenshotPath; // Add the screenshot path to the test object",
              "err": {
                "message": "Error: Timeout of 5000ms exceeded. For async tests and hooks, ensure \"done()\" is called; if returning a Promise, ensure it resolves. (/Users/pedropradita/Selenium javascript/test/cases.js)",
                "estack": "Error: Timeout of 5000ms exceeded. For async tests and hooks, ensure \"done()\" is called; if returning a Promise, ensure it resolves. (/Users/pedropradita/Selenium javascript/test/cases.js)\n    at listOnTimeout (node:internal/timers:568:17)\n    at process.processTimers (node:internal/timers:511:7)",
                "diff": null
              },
              "uuid": "1bf412ed-e49c-4ed7-bb03-6bd8ca91f915",
              "parentUUID": "d90163aa-d8c2-48a0-93da-10b15f1dc9a2",
              "isHook": false,
              "skipped": false
            }
          ],
          "suites": [],
          "passes": [
            "77551b45-10df-4d51-9f1b-3fb6f78c7005"
          ],
          "failures": [
            "1bf412ed-e49c-4ed7-bb03-6bd8ca91f915"
          ],
          "pending": [],
          "skipped": [],
          "duration": 8133,
          "root": false,
          "rootEmpty": false,
          "_timeout": 5000
        }
      ],
      "passes": [],
      "failures": [],
      "pending": [],
      "skipped": [],
      "duration": 0,
      "root": true,
      "rootEmpty": true,
      "_timeout": 2000
    }
  ],
  "meta": {
    "mocha": {
      "version": "10.2.0"
    },
    "mochawesome": {
      "options": {
        "quiet": false,
        "reportFilename": "mochawesome",
        "saveHtml": true,
        "saveJson": true,
        "consoleReporter": "spec",
        "useInlineDiffs": false,
        "code": true
      },
      "version": "7.1.3"
    },
    "marge": {
      "options": null,
      "version": "6.2.0"
    }
  }
}